{"C:\\Users\\gabri\\Documents\\react-native\\teste-navegacoes\\App.tsx": {"path":"C:\\Users\\gabri\\Documents\\react-native\\teste-navegacoes\\App.tsx","statementMap":{"0":{"start":{"line":14,"column":14},"end":{"line":14,"column":58}},"1":{"start":{"line":17,"column":2},"end":{"line":33,"column":4}},"2":{"start":{"line":36,"column":15},"end":{"line":43,"column":2}}},"fnMap":{"0":{"name":"App","decl":{"start":{"line":16,"column":24},"end":{"line":16,"column":27}},"loc":{"start":{"line":16,"column":30},"end":{"line":34,"column":1}},"line":16}},"branchMap":{},"s":{"0":0,"1":0,"2":0},"f":{"0":0},"b":{}}
,"C:\\Users\\gabri\\Documents\\react-native\\teste-navegacoes\\src\\Home\\index.tsx": {"path":"C:\\Users\\gabri\\Documents\\react-native\\teste-navegacoes\\src\\Home\\index.tsx","statementMap":{"0":{"start":{"line":8,"column":21},"end":{"line":8,"column":79}},"1":{"start":{"line":10,"column":2},"end":{"line":18,"column":3}},"2":{"start":{"line":15,"column":24},"end":{"line":15,"column":54}},"3":{"start":{"line":21,"column":15},"end":{"line":28,"column":2}}},"fnMap":{"0":{"name":"Home","decl":{"start":{"line":7,"column":16},"end":{"line":7,"column":20}},"loc":{"start":{"line":7,"column":22},"end":{"line":19,"column":1}},"line":7},"1":{"name":"(anonymous_1)","decl":{"start":{"line":15,"column":18},"end":{"line":15,"column":19}},"loc":{"start":{"line":15,"column":24},"end":{"line":15,"column":54}},"line":15}},"branchMap":{},"s":{"0":1,"1":1,"2":0,"3":1},"f":{"0":1,"1":0},"b":{},"_coverageSchema":"1a1c01bbd47fc00a2c39e90264f33305004495a9","hash":"25baaaa28f65a25f824c2e67ceaed5fac19844a3"}
,"C:\\Users\\gabri\\Documents\\react-native\\teste-navegacoes\\src\\Profile\\index.tsx": {"path":"C:\\Users\\gabri\\Documents\\react-native\\teste-navegacoes\\src\\Profile\\index.tsx","statementMap":{"0":{"start":{"line":8,"column":21},"end":{"line":8,"column":79}},"1":{"start":{"line":10,"column":2},"end":{"line":18,"column":3}},"2":{"start":{"line":15,"column":24},"end":{"line":15,"column":43}},"3":{"start":{"line":21,"column":15},"end":{"line":28,"column":2}}},"fnMap":{"0":{"name":"Profile","decl":{"start":{"line":7,"column":16},"end":{"line":7,"column":23}},"loc":{"start":{"line":7,"column":25},"end":{"line":19,"column":1}},"line":7},"1":{"name":"(anonymous_1)","decl":{"start":{"line":15,"column":18},"end":{"line":15,"column":19}},"loc":{"start":{"line":15,"column":24},"end":{"line":15,"column":43}},"line":15}},"branchMap":{},"s":{"0":0,"1":0,"2":0,"3":0},"f":{"0":0,"1":0},"b":{}}
}
