{"C:\\Users\\gabri\\Documents\\react-native\\teste-navegacoes\\App.tsx": {"path":"C:\\Users\\gabri\\Documents\\react-native\\teste-navegacoes\\App.tsx","statementMap":{"0":{"start":{"line":18,"column":14},"end":{"line":18,"column":58}},"1":{"start":{"line":21,"column":2},"end":{"line":42,"column":4}},"2":{"start":{"line":45,"column":15},"end":{"line":52,"column":2}}},"fnMap":{"0":{"name":"App","decl":{"start":{"line":20,"column":24},"end":{"line":20,"column":27}},"loc":{"start":{"line":20,"column":30},"end":{"line":43,"column":1}},"line":20}},"branchMap":{},"s":{"0":1,"1":1,"2":1},"f":{"0":1},"b":{},"_coverageSchema":"1a1c01bbd47fc00a2c39e90264f33305004495a9","hash":"f042ab5000f5ed0730e8a3b80e6e64785c604f7e"}
,"C:\\Users\\gabri\\Documents\\react-native\\teste-navegacoes\\src\\home\\index.tsx": {"path":"C:\\Users\\gabri\\Documents\\react-native\\teste-navegacoes\\src\\home\\index.tsx","statementMap":{"0":{"start":{"line":8,"column":21},"end":{"line":8,"column":79}},"1":{"start":{"line":10,"column":2},"end":{"line":23,"column":3}},"2":{"start":{"line":15,"column":24},"end":{"line":15,"column":54}},"3":{"start":{"line":20,"column":24},"end":{"line":20,"column":77}},"4":{"start":{"line":26,"column":15},"end":{"line":33,"column":2}}},"fnMap":{"0":{"name":"Home","decl":{"start":{"line":7,"column":16},"end":{"line":7,"column":20}},"loc":{"start":{"line":7,"column":22},"end":{"line":24,"column":1}},"line":7},"1":{"name":"(anonymous_1)","decl":{"start":{"line":15,"column":18},"end":{"line":15,"column":19}},"loc":{"start":{"line":15,"column":24},"end":{"line":15,"column":54}},"line":15},"2":{"name":"(anonymous_2)","decl":{"start":{"line":20,"column":18},"end":{"line":20,"column":19}},"loc":{"start":{"line":20,"column":24},"end":{"line":20,"column":77}},"line":20}},"branchMap":{},"s":{"0":3,"1":3,"2":1,"3":1,"4":2},"f":{"0":3,"1":1,"2":1},"b":{},"_coverageSchema":"1a1c01bbd47fc00a2c39e90264f33305004495a9","hash":"252dbab724e2529a4a8b45f11e6cf808421e8ac8"}
,"C:\\Users\\gabri\\Documents\\react-native\\teste-navegacoes\\src\\profile\\index.tsx": {"path":"C:\\Users\\gabri\\Documents\\react-native\\teste-navegacoes\\src\\profile\\index.tsx","statementMap":{"0":{"start":{"line":8,"column":21},"end":{"line":8,"column":79}},"1":{"start":{"line":10,"column":2},"end":{"line":18,"column":3}},"2":{"start":{"line":15,"column":24},"end":{"line":15,"column":43}},"3":{"start":{"line":21,"column":15},"end":{"line":28,"column":2}}},"fnMap":{"0":{"name":"Profile","decl":{"start":{"line":7,"column":16},"end":{"line":7,"column":23}},"loc":{"start":{"line":7,"column":25},"end":{"line":19,"column":1}},"line":7},"1":{"name":"(anonymous_1)","decl":{"start":{"line":15,"column":18},"end":{"line":15,"column":19}},"loc":{"start":{"line":15,"column":24},"end":{"line":15,"column":43}},"line":15}},"branchMap":{},"s":{"0":2,"1":2,"2":1,"3":2},"f":{"0":2,"1":1},"b":{},"_coverageSchema":"1a1c01bbd47fc00a2c39e90264f33305004495a9","hash":"732cc68ca257cdb797fbcac3f51d0debc1bd9cc1"}
,"C:\\Users\\gabri\\Documents\\react-native\\teste-navegacoes\\src\\user\\index.tsx": {"path":"C:\\Users\\gabri\\Documents\\react-native\\teste-navegacoes\\src\\user\\index.tsx","statementMap":{"0":{"start":{"line":14,"column":16},"end":{"line":14,"column":42}},"1":{"start":{"line":16,"column":2},"end":{"line":21,"column":3}},"2":{"start":{"line":24,"column":15},"end":{"line":31,"column":2}}},"fnMap":{"0":{"name":"User","decl":{"start":{"line":13,"column":16},"end":{"line":13,"column":20}},"loc":{"start":{"line":13,"column":22},"end":{"line":22,"column":1}},"line":13}},"branchMap":{},"s":{"0":1,"1":1,"2":2},"f":{"0":1},"b":{},"_coverageSchema":"1a1c01bbd47fc00a2c39e90264f33305004495a9","hash":"ef4ef5fc97d19832b9f36f2ee875f6903fbd1b42"}
}
