TN:
SF:App.tsx
FN:20,App
FNF:1
FNH:1
FNDA:1,App
DA:18,1
DA:21,1
DA:45,1
LF:3
LH:3
BRF:0
BRH:0
end_of_record
TN:
SF:src\home\index.tsx
FN:7,Home
FN:15,(anonymous_1)
FN:20,(anonymous_2)
FNF:3
FNH:3
FNDA:3,Home
FNDA:1,(anonymous_1)
FNDA:1,(anonymous_2)
DA:8,3
DA:10,3
DA:15,1
DA:20,1
DA:26,2
LF:5
LH:5
BRF:0
BRH:0
end_of_record
TN:
SF:src\profile\index.tsx
FN:7,Profile
FN:15,(anonymous_1)
FNF:2
FNH:2
FNDA:2,Profile
FNDA:1,(anonymous_1)
DA:8,2
DA:10,2
DA:15,1
DA:21,2
LF:4
LH:4
BRF:0
BRH:0
end_of_record
TN:
SF:src\user\index.tsx
FN:13,User
FNF:1
FNH:1
FNDA:1,User
DA:14,1
DA:16,1
DA:24,2
LF:3
LH:3
BRF:0
BRH:0
end_of_record
