TN:
SF:App.tsx
FN:24,App
FNF:1
FNH:1
FNDA:1,App
DA:22,1
DA:25,1
DA:54,1
LF:3
LH:3
BRF:0
BRH:0
end_of_record
TN:
SF:src\contato\index.tsx
FN:13,Contato
FNF:1
FNH:1
FNDA:1,Contato
DA:14,1
DA:16,1
DA:23,2
LF:3
LH:3
BRF:0
BRH:0
end_of_record
TN:
SF:src\home\index.tsx
FN:7,Home
FN:15,(anonymous_1)
FN:20,(anonymous_2)
FN:25,(anonymous_3)
FNF:4
FNH:4
FNDA:4,Home
FNDA:1,(anonymous_1)
FNDA:1,(anonymous_2)
FNDA:1,(anonymous_3)
DA:8,4
DA:10,4
DA:15,1
DA:20,1
DA:25,1
DA:31,2
LF:6
LH:6
BRF:0
BRH:0
end_of_record
TN:
SF:src\profile\index.tsx
FN:7,Profile
FN:15,(anonymous_1)
FNF:2
FNH:2
FNDA:2,Profile
FNDA:1,(anonymous_1)
DA:8,2
DA:10,2
DA:15,1
DA:21,2
LF:4
LH:4
BRF:0
BRH:0
end_of_record
TN:
SF:src\user\index.tsx
FN:14,User
FN:17,handleCalculate
FN:30,(anonymous_2)
FN:35,(anonymous_3)
FNF:4
FNH:4
FNDA:3,User
FNDA:1,handleCalculate
FNDA:1,(anonymous_2)
FNDA:1,(anonymous_3)
DA:15,3
DA:18,1
DA:19,1
DA:20,1
DA:23,3
DA:30,1
DA:35,1
DA:41,2
LF:8
LH:8
BRF:0
BRH:0
end_of_record
TN:
SF:src\utils\math.ts
FN:1,(anonymous_0)
FNF:1
FNH:0
FNDA:0,(anonymous_0)
DA:1,1
DA:2,0
LF:2
LH:1
BRF:0
BRH:0
end_of_record
