{"C:\\Users\\gabri\\Documents\\react-native\\testes-automatizados\\App.tsx": {"path":"C:\\Users\\gabri\\Documents\\react-native\\testes-automatizados\\App.tsx","statementMap":{"0":{"start":{"line":10,"column":32},"end":{"line":10,"column":43}},"1":{"start":{"line":12,"column":2},"end":{"line":38,"column":3}},"2":{"start":{"line":20,"column":41},"end":{"line":20,"column":64}},"3":{"start":{"line":26,"column":41},"end":{"line":26,"column":64}},"4":{"start":{"line":35,"column":37},"end":{"line":35,"column":59}},"5":{"start":{"line":41,"column":15},"end":{"line":59,"column":2}}},"fnMap":{"0":{"name":"App","decl":{"start":{"line":9,"column":24},"end":{"line":9,"column":27}},"loc":{"start":{"line":9,"column":30},"end":{"line":39,"column":1}},"line":9},"1":{"name":"(anonymous_1)","decl":{"start":{"line":20,"column":35},"end":{"line":20,"column":36}},"loc":{"start":{"line":20,"column":41},"end":{"line":20,"column":64}},"line":20},"2":{"name":"(anonymous_2)","decl":{"start":{"line":26,"column":35},"end":{"line":26,"column":36}},"loc":{"start":{"line":26,"column":41},"end":{"line":26,"column":64}},"line":26},"3":{"name":"(anonymous_3)","decl":{"start":{"line":35,"column":31},"end":{"line":35,"column":32}},"loc":{"start":{"line":35,"column":37},"end":{"line":35,"column":59}},"line":35}},"branchMap":{},"s":{"0":5,"1":5,"2":1,"3":1,"4":0,"5":1},"f":{"0":5,"1":1,"2":1,"3":0},"b":{},"_coverageSchema":"1a1c01bbd47fc00a2c39e90264f33305004495a9","hash":"494cc2514eaafae9fd3dd4ed41a98079482bf7d5"}
,"C:\\Users\\gabri\\Documents\\react-native\\testes-automatizados\\src\\Form.tsx": {"path":"C:\\Users\\gabri\\Documents\\react-native\\testes-automatizados\\src\\Form.tsx","statementMap":{"0":{"start":{"line":5,"column":28},"end":{"line":5,"column":40}},"1":{"start":{"line":6,"column":34},"end":{"line":6,"column":46}},"2":{"start":{"line":7,"column":26},"end":{"line":7,"column":38}},"3":{"start":{"line":10,"column":4},"end":{"line":12,"column":5}},"4":{"start":{"line":11,"column":6},"end":{"line":11,"column":34}},"5":{"start":{"line":15,"column":2},"end":{"line":39,"column":3}},"6":{"start":{"line":21,"column":33},"end":{"line":21,"column":47}},"7":{"start":{"line":28,"column":33},"end":{"line":28,"column":50}},"8":{"start":{"line":34,"column":24},"end":{"line":34,"column":52}},"9":{"start":{"line":42,"column":15},"end":{"line":52,"column":2}}},"fnMap":{"0":{"name":"Form","decl":{"start":{"line":4,"column":16},"end":{"line":4,"column":20}},"loc":{"start":{"line":4,"column":22},"end":{"line":40,"column":1}},"line":4},"1":{"name":"handleLogin","decl":{"start":{"line":9,"column":11},"end":{"line":9,"column":22}},"loc":{"start":{"line":9,"column":55},"end":{"line":13,"column":3}},"line":9},"2":{"name":"(anonymous_2)","decl":{"start":{"line":21,"column":23},"end":{"line":21,"column":24}},"loc":{"start":{"line":21,"column":33},"end":{"line":21,"column":47}},"line":21},"3":{"name":"(anonymous_3)","decl":{"start":{"line":28,"column":23},"end":{"line":28,"column":24}},"loc":{"start":{"line":28,"column":33},"end":{"line":28,"column":50}},"line":28},"4":{"name":"(anonymous_4)","decl":{"start":{"line":34,"column":18},"end":{"line":34,"column":19}},"loc":{"start":{"line":34,"column":24},"end":{"line":34,"column":52}},"line":34}},"branchMap":{"0":{"loc":{"start":{"line":10,"column":4},"end":{"line":12,"column":5}},"type":"if","locations":[{"start":{"line":10,"column":4},"end":{"line":12,"column":5}},{"start":{},"end":{}}],"line":10},"1":{"loc":{"start":{"line":10,"column":7},"end":{"line":10,"column":59}},"type":"binary-expr","locations":[{"start":{"line":10,"column":7},"end":{"line":10,"column":34}},{"start":{"line":10,"column":38},"end":{"line":10,"column":59}}],"line":10},"2":{"loc":{"start":{"line":37,"column":7},"end":{"line":37,"column":41}},"type":"binary-expr","locations":[{"start":{"line":37,"column":7},"end":{"line":37,"column":18}},{"start":{"line":37,"column":22},"end":{"line":37,"column":41}}],"line":37}},"s":{"0":7,"1":7,"2":7,"3":2,"4":1,"5":7,"6":2,"7":2,"8":2,"9":1},"f":{"0":7,"1":2,"2":2,"3":2,"4":2},"b":{"0":[1,1],"1":[2,1],"2":[7,1]},"_coverageSchema":"1a1c01bbd47fc00a2c39e90264f33305004495a9","hash":"94ff808f8a3823a6a22f05fcb2b18edf880bdd2d"}
,"C:\\Users\\gabri\\Documents\\react-native\\testes-automatizados\\src\\Game.tsx": {"path":"C:\\Users\\gabri\\Documents\\react-native\\testes-automatizados\\src\\Game.tsx","statementMap":{"0":{"start":{"line":11,"column":26},"end":{"line":11,"column":57}},"1":{"start":{"line":12,"column":34},"end":{"line":12,"column":46}},"2":{"start":{"line":14,"column":2},"end":{"line":33,"column":8}},"3":{"start":{"line":18,"column":6},"end":{"line":27,"column":7}},"4":{"start":{"line":19,"column":25},"end":{"line":19,"column":67}},"5":{"start":{"line":21,"column":8},"end":{"line":24,"column":10}},"6":{"start":{"line":26,"column":8},"end":{"line":26,"column":43}},"7":{"start":{"line":31,"column":4},"end":{"line":31,"column":15}},"8":{"start":{"line":36,"column":4},"end":{"line":45,"column":5}},"9":{"start":{"line":37,"column":23},"end":{"line":37,"column":64}},"10":{"start":{"line":39,"column":6},"end":{"line":42,"column":8}},"11":{"start":{"line":44,"column":6},"end":{"line":44,"column":41}},"12":{"start":{"line":48,"column":2},"end":{"line":70,"column":3}},"13":{"start":{"line":73,"column":15},"end":{"line":79,"column":2}}},"fnMap":{"0":{"name":"Game","decl":{"start":{"line":10,"column":16},"end":{"line":10,"column":20}},"loc":{"start":{"line":10,"column":22},"end":{"line":71,"column":1}},"line":10},"1":{"name":"(anonymous_1)","decl":{"start":{"line":14,"column":12},"end":{"line":14,"column":13}},"loc":{"start":{"line":14,"column":18},"end":{"line":33,"column":3}},"line":14},"2":{"name":"fetchGame","decl":{"start":{"line":16,"column":19},"end":{"line":16,"column":28}},"loc":{"start":{"line":16,"column":30},"end":{"line":29,"column":5}},"line":16},"3":{"name":"handleFetchGame","decl":{"start":{"line":35,"column":17},"end":{"line":35,"column":32}},"loc":{"start":{"line":35,"column":34},"end":{"line":46,"column":3}},"line":35}},"branchMap":{"0":{"loc":{"start":{"line":51,"column":7},"end":{"line":60,"column":7}},"type":"binary-expr","locations":[{"start":{"line":51,"column":7},"end":{"line":51,"column":11}},{"start":{"line":52,"column":8},"end":{"line":59,"column":11}}],"line":51},"1":{"loc":{"start":{"line":62,"column":7},"end":{"line":62,"column":49}},"type":"binary-expr","locations":[{"start":{"line":62,"column":7},"end":{"line":62,"column":22}},{"start":{"line":62,"column":26},"end":{"line":62,"column":49}}],"line":62}},"s":{"0":10,"1":10,"2":10,"3":4,"4":4,"5":1,"6":3,"7":4,"8":2,"9":2,"10":1,"11":1,"12":10,"13":1},"f":{"0":10,"1":4,"2":4,"3":2},"b":{"0":[10,3],"1":[10,4]},"_coverageSchema":"1a1c01bbd47fc00a2c39e90264f33305004495a9","hash":"0b991f5362aca2ee884e934d2ad3410870e20059"}
,"C:\\Users\\gabri\\Documents\\react-native\\testes-automatizados\\src\\Message.tsx": {"path":"C:\\Users\\gabri\\Documents\\react-native\\testes-automatizados\\src\\Message.tsx","statementMap":{"0":{"start":{"line":5,"column":40},"end":{"line":5,"column":55}},"1":{"start":{"line":8,"column":4},"end":{"line":10,"column":12}},"2":{"start":{"line":9,"column":6},"end":{"line":9,"column":34}},"3":{"start":{"line":14,"column":2},"end":{"line":22,"column":3}}},"fnMap":{"0":{"name":"Message","decl":{"start":{"line":4,"column":16},"end":{"line":4,"column":23}},"loc":{"start":{"line":4,"column":25},"end":{"line":23,"column":1}},"line":4},"1":{"name":"handleShowMessage","decl":{"start":{"line":7,"column":11},"end":{"line":7,"column":28}},"loc":{"start":{"line":7,"column":30},"end":{"line":12,"column":3}},"line":7},"2":{"name":"(anonymous_2)","decl":{"start":{"line":8,"column":15},"end":{"line":8,"column":16}},"loc":{"start":{"line":8,"column":21},"end":{"line":10,"column":5}},"line":8}},"branchMap":{"0":{"loc":{"start":{"line":17,"column":9},"end":{"line":17,"column":60}},"type":"cond-expr","locations":[{"start":{"line":17,"column":23},"end":{"line":17,"column":42}},{"start":{"line":17,"column":45},"end":{"line":17,"column":60}}],"line":17}},"s":{"0":3,"1":1,"2":1,"3":3},"f":{"0":3,"1":1,"2":1},"b":{"0":[1,2]},"_coverageSchema":"1a1c01bbd47fc00a2c39e90264f33305004495a9","hash":"afc0d0322b7a1f8b55f8892969324b948059be91"}
,"C:\\Users\\gabri\\Documents\\react-native\\testes-automatizados\\src\\Title.tsx": {"path":"C:\\Users\\gabri\\Documents\\react-native\\testes-automatizados\\src\\Title.tsx","statementMap":{"0":{"start":{"line":4,"column":2},"end":{"line":8,"column":3}},"1":{"start":{"line":11,"column":15},"end":{"line":17,"column":2}}},"fnMap":{"0":{"name":"Title","decl":{"start":{"line":3,"column":16},"end":{"line":3,"column":21}},"loc":{"start":{"line":3,"column":51},"end":{"line":9,"column":1}},"line":3}},"branchMap":{},"s":{"0":7,"1":2},"f":{"0":7},"b":{},"_coverageSchema":"1a1c01bbd47fc00a2c39e90264f33305004495a9","hash":"7c42ec4de5dd44e90a18db45084a1fc694b7c19d"}
,"C:\\Users\\gabri\\Documents\\react-native\\testes-automatizados\\src\\Welcome.tsx": {"path":"C:\\Users\\gabri\\Documents\\react-native\\testes-automatizados\\src\\Welcome.tsx","statementMap":{"0":{"start":{"line":5,"column":28},"end":{"line":5,"column":40}},"1":{"start":{"line":6,"column":26},"end":{"line":6,"column":38}},"2":{"start":{"line":9,"column":4},"end":{"line":12,"column":5}},"3":{"start":{"line":10,"column":6},"end":{"line":10,"column":17}},"4":{"start":{"line":11,"column":6},"end":{"line":11,"column":12}},"5":{"start":{"line":14,"column":18},"end":{"line":14,"column":38}},"6":{"start":{"line":15,"column":4},"end":{"line":15,"column":20}},"7":{"start":{"line":16,"column":4},"end":{"line":16,"column":19}},"8":{"start":{"line":19,"column":2},"end":{"line":35,"column":3}},"9":{"start":{"line":25,"column":33},"end":{"line":25,"column":47}},"10":{"start":{"line":38,"column":15},"end":{"line":48,"column":2}}},"fnMap":{"0":{"name":"Welcome","decl":{"start":{"line":4,"column":16},"end":{"line":4,"column":23}},"loc":{"start":{"line":4,"column":73},"end":{"line":36,"column":1}},"line":4},"1":{"name":"handleShowUser","decl":{"start":{"line":8,"column":11},"end":{"line":8,"column":25}},"loc":{"start":{"line":8,"column":27},"end":{"line":17,"column":3}},"line":8},"2":{"name":"(anonymous_2)","decl":{"start":{"line":25,"column":23},"end":{"line":25,"column":24}},"loc":{"start":{"line":25,"column":33},"end":{"line":25,"column":47}},"line":25}},"branchMap":{"0":{"loc":{"start":{"line":9,"column":4},"end":{"line":12,"column":5}},"type":"if","locations":[{"start":{"line":9,"column":4},"end":{"line":12,"column":5}},{"start":{},"end":{}}],"line":9},"1":{"loc":{"start":{"line":33,"column":7},"end":{"line":33,"column":41}},"type":"binary-expr","locations":[{"start":{"line":33,"column":7},"end":{"line":33,"column":18}},{"start":{"line":33,"column":22},"end":{"line":33,"column":41}}],"line":33}},"s":{"0":8,"1":8,"2":1,"3":0,"4":0,"5":1,"6":1,"7":1,"8":8,"9":1,"10":2},"f":{"0":8,"1":1,"2":1},"b":{"0":[0,1],"1":[8,1]},"_coverageSchema":"1a1c01bbd47fc00a2c39e90264f33305004495a9","hash":"b3843558248049d186397454d255e9911164e17e"}
,"C:\\Users\\gabri\\Documents\\react-native\\testes-automatizados\\src\\services\\api.ts": {"path":"C:\\Users\\gabri\\Documents\\react-native\\testes-automatizados\\src\\services\\api.ts","statementMap":{"0":{"start":{"line":3,"column":12},"end":{"line":5,"column":2}}},"fnMap":{},"branchMap":{},"s":{"0":1},"f":{},"b":{},"_coverageSchema":"1a1c01bbd47fc00a2c39e90264f33305004495a9","hash":"135fc2fc0e7a10124fd94665afbc2925f7a1733a"}
}
