TN:
SF:App.tsx
FN:6,App
FN:17,(anonymous_1)
FN:23,(anonymous_2)
FNF:3
FNH:3
FNDA:5,App
FNDA:1,(anonymous_1)
FNDA:1,(anonymous_2)
DA:7,5
DA:9,5
DA:17,1
DA:23,1
DA:34,1
LF:5
LH:5
BRF:0
BRH:0
end_of_record
TN:
SF:src\Message.tsx
FN:4,Message
FN:7,handleShowMessage
FN:8,(anonymous_2)
FNF:3
FNH:3
FNDA:8,Message
FNDA:1,handleShowMessage
FNDA:1,(anonymous_2)
DA:5,8
DA:8,1
DA:9,1
DA:14,8
LF:4
LH:4
BRDA:17,0,0,1
BRDA:17,0,1,7
BRF:2
BRH:2
end_of_record
TN:
SF:src\Title.tsx
FN:3,Title
FNF:1
FNH:1
FNDA:7,Title
DA:4,7
DA:11,2
LF:2
LH:2
BRF:0
BRH:0
end_of_record
