TN:
SF:App.tsx
FN:9,App
FN:20,(anonymous_1)
FN:26,(anonymous_2)
FN:35,(anonymous_3)
FNF:4
FNH:3
FNDA:5,App
FNDA:1,(anonymous_1)
FNDA:1,(anonymous_2)
FNDA:0,(anonymous_3)
DA:10,5
DA:12,5
DA:20,1
DA:26,1
DA:35,0
DA:41,1
LF:6
LH:5
BRF:0
BRH:0
end_of_record
TN:
SF:src\Form.tsx
FN:4,Form
FN:9,handleLogin
FN:21,(anonymous_2)
FN:28,(anonymous_3)
FN:34,(anonymous_4)
FNF:5
FNH:5
FNDA:7,Form
FNDA:2,handleLogin
FNDA:2,(anonymous_2)
FNDA:2,(anonymous_3)
FNDA:2,(anonymous_4)
DA:5,7
DA:6,7
DA:7,7
DA:10,2
DA:11,1
DA:15,7
DA:21,2
DA:28,2
DA:34,2
DA:42,1
LF:10
LH:10
BRDA:10,0,0,1
BRDA:10,0,1,1
BRDA:10,1,0,2
BRDA:10,1,1,1
BRDA:37,2,0,7
BRDA:37,2,1,1
BRF:6
BRH:6
end_of_record
TN:
SF:src\Game.tsx
FN:10,Game
FN:14,(anonymous_1)
FN:16,fetchGame
FN:35,handleFetchGame
FNF:4
FNH:4
FNDA:10,Game
FNDA:4,(anonymous_1)
FNDA:4,fetchGame
FNDA:2,handleFetchGame
DA:11,10
DA:12,10
DA:14,10
DA:18,4
DA:19,4
DA:21,1
DA:26,3
DA:31,4
DA:36,2
DA:37,2
DA:39,1
DA:44,1
DA:48,10
DA:73,1
LF:14
LH:14
BRDA:51,0,0,10
BRDA:51,0,1,3
BRDA:62,1,0,10
BRDA:62,1,1,4
BRF:4
BRH:4
end_of_record
TN:
SF:src\Message.tsx
FN:4,Message
FN:7,handleShowMessage
FN:8,(anonymous_2)
FNF:3
FNH:3
FNDA:3,Message
FNDA:1,handleShowMessage
FNDA:1,(anonymous_2)
DA:5,3
DA:8,1
DA:9,1
DA:14,3
LF:4
LH:4
BRDA:17,0,0,1
BRDA:17,0,1,2
BRF:2
BRH:2
end_of_record
TN:
SF:src\Title.tsx
FN:3,Title
FNF:1
FNH:1
FNDA:7,Title
DA:4,7
DA:11,2
LF:2
LH:2
BRF:0
BRH:0
end_of_record
TN:
SF:src\Welcome.tsx
FN:4,Welcome
FN:8,handleShowUser
FN:25,(anonymous_2)
FNF:3
FNH:3
FNDA:8,Welcome
FNDA:1,handleShowUser
FNDA:1,(anonymous_2)
DA:5,8
DA:6,8
DA:9,1
DA:10,0
DA:11,0
DA:14,1
DA:15,1
DA:16,1
DA:19,8
DA:25,1
DA:38,2
LF:11
LH:9
BRDA:9,0,0,0
BRDA:9,0,1,1
BRDA:33,1,0,8
BRDA:33,1,1,1
BRF:4
BRH:3
end_of_record
TN:
SF:src\services\api.ts
FNF:0
FNH:0
DA:3,1
LF:1
LH:1
BRF:0
BRH:0
end_of_record
